#
# A fatal error has been detected by the Java Runtime Environment:
#
#  Internal Error (0xc0000029), pid=7868, tid=3464
#
# JRE version: 7.0_25-b17
# Java VM: Java HotSpot(TM) Client VM (23.25-b01 mixed mode, sharing windows-x86 )
# Problematic frame:
# C  [ntdll.dll+0x90892]  RtlUlonglongByteSwap+0x133f2
#
# Failed to write core dump. Minidumps are not enabled by default on client versions of Windows
#
# If you would like to submit a bug report, please visit:
#   http://bugreport.sun.com/bugreport/crash.jsp
# The crash happened outside the Java Virtual Machine in native code.
# See problematic frame for where to report the bug.
#

---------------  T H R E A D  ---------------

Current thread (0x06f0fc00):  JavaThread "Thread-47" [_thread_in_native, id=3464, stack(0x07800000,0x07850000)]

siginfo: ExceptionCode=0xc0000029

Registers:
EAX=0x0784ec78, EBX=0x0784fa9c, ECX=0x0784ecd0, EDX=0x0784ec0c
ESP=0x0784ec1c, EBP=0x0784efa4, ESI=0x0784efc4, EDI=0x00000001
EIP=0x77b30892, EFLAGS=0x00000246

Top of Stack: (sp=0x0784ec1c)
0x0784ec1c:   0e04de18 06f0fd28 0784eec4 024d29c8
0x0784ec2c:   02562867 24a83a78 0784ecb0 07186afc
0x0784ec3c:   00000005 24a83a78 6e91934a 0784ec7c
0x0784ec4c:   024d32c7 00000000 00000000 24a83a78
0x0784ec5c:   0784ec5c 345f6ee1 0784ec84 345f7c40
0x0784ec6c:   00000000 345f6f00 00000000 c0000029
0x0784ec7c:   00000001 0784efc4 77b30892 00000000
0x0784ec8c:   34ac9999 0784ecb0 34aca528 00000000 

Instructions: (pc=0x77b30892)
0x77b30872:   d4 fc ff ff 50 c7 85 d4 fc ff ff 29 00 00 c0 89
0x77b30882:   bd d8 fc ff ff 89 b5 dc fc ff ff e8 b6 af fc ff
0x77b30892:   e9 18 af fc ff 48 48 74 2e 83 a5 e4 fc ff ff 00
0x77b308a2:   8d 85 d4 fc ff ff 50 c7 85 d4 fc ff ff 26 00 00 


Register to memory mapping:

EAX=0x0784ec78 is pointing into the stack for thread: 0x06f0fc00
EBX=0x0784fa9c is pointing into the stack for thread: 0x06f0fc00
ECX=0x0784ecd0 is pointing into the stack for thread: 0x06f0fc00
EDX=0x0784ec0c is pointing into the stack for thread: 0x06f0fc00
ESP=0x0784ec1c is pointing into the stack for thread: 0x06f0fc00
EBP=0x0784efa4 is pointing into the stack for thread: 0x06f0fc00
ESI=0x0784efc4 is pointing into the stack for thread: 0x06f0fc00
EDI=0x00000001 is an unknown value


Stack: [0x07800000,0x07850000],  sp=0x0784ec1c,  free space=315k
Native frames: (J=compiled Java code, j=interpreted, Vv=VM code, C=native code)
C  [ntdll.dll+0x90892]  RtlUlonglongByteSwap+0x133f2

Java frames: (J=compiled Java code, j=interpreted, Vv=VM code)
j  sun.font.T2KFontScaler.getGlyphImageNative(Lsun/font/Font2D;JJI)J+0
j  sun.font.T2KFontScaler.getGlyphImage(JI)J+26
j  sun.font.FileFont.getGlyphImage(JI)J+6
j  sun.font.FileFontStrike.getGlyphImagePtr(I)J+115
j  sun.font.FileFontStrike.getGlyphAdvance(IZ)F+240
j  sun.font.FileFontStrike.getGlyphAdvance(I)F+3
j  sun.font.FileFontStrike.getCodePointAdvance(I)F+9
J  sun.font.FontDesignMetrics.stringWidth(Ljava/lang/String;)I
j  sun.swing.SwingUtilities2.stringWidth(Ljavax/swing/JComponent;Ljava/awt/FontMetrics;Ljava/lang/String;)I+104
j  javax.swing.SwingUtilities.layoutCompoundLabelImpl(Ljavax/swing/JComponent;Ljava/awt/FontMetrics;Ljava/lang/String;Ljavax/swing/Icon;IIIILjava/awt/Rectangle;Ljava/awt/Rectangle;Ljava/awt/Rectangle;I)Ljava/lang/String;+197
j  javax.swing.SwingUtilities.layoutCompoundLabel(Ljavax/swing/JComponent;Ljava/awt/FontMetrics;Ljava/lang/String;Ljavax/swing/Icon;IIIILjava/awt/Rectangle;Ljava/awt/Rectangle;Ljava/awt/Rectangle;I)Ljava/lang/String;+159
j  javax.swing.plaf.basic.BasicLabelUI.layoutCL(Ljavax/swing/JLabel;Ljava/awt/FontMetrics;Ljava/lang/String;Ljavax/swing/Icon;Ljava/awt/Rectangle;Ljava/awt/Rectangle;Ljava/awt/Rectangle;)Ljava/lang/String;+31
j  javax.swing.plaf.basic.BasicLabelUI.getPreferredSize(Ljavax/swing/JComponent;)Ljava/awt/Dimension;+265
j  javax.swing.plaf.basic.BasicLabelUI.getMinimumSize(Ljavax/swing/JComponent;)Ljava/awt/Dimension;+2
j  javax.swing.JComponent.getMinimumSize()Ljava/awt/Dimension;+26
j  javax.swing.BoxLayout.checkRequests()V+105
j  javax.swing.BoxLayout.preferredLayoutSize(Ljava/awt/Container;)Ljava/awt/Dimension;+10
j  java.awt.Container.preferredSize()Ljava/awt/Dimension;+43
j  java.awt.Container.getPreferredSize()Ljava/awt/Dimension;+1
j  javax.swing.JComponent.getPreferredSize()Ljava/awt/Dimension;+39
j  java.awt.FlowLayout.preferredLayoutSize(Ljava/awt/Container;)Ljava/awt/Dimension;+66
j  java.awt.Container.preferredSize()Ljava/awt/Dimension;+43
j  java.awt.Container.getPreferredSize()Ljava/awt/Dimension;+1
j  javax.swing.JComponent.getPreferredSize()Ljava/awt/Dimension;+39
j  aurora.V1.core.AboutBox.buildAboutUI()V+261
j  aurora.V1.core.screen_ui.DashboardUI.buildUI()V+587
j  aurora.V1.core.screen_logic.WelcomeLogic$2.actionPerformed(Ljava/awt/event/ActionEvent;)V+237
j  aurora.engine.V1.Logic.AThreadWorker.run()V+32
j  java.lang.Thread.run()V+11
v  ~StubRoutines::call_stub

---------------  P R O C E S S  ---------------

Java Threads: ( => current thread )
  0x06f0a000 JavaThread "Thread-0" daemon [_thread_in_native, id=13220, stack(0x085a0000,0x085f0000)]
=>0x06f0fc00 JavaThread "Thread-47" [_thread_in_native, id=3464, stack(0x07800000,0x07850000)]
  0x0711f400 JavaThread "Thread-44" [_thread_in_native, id=5308, stack(0x0f910000,0x0f960000)]
  0x0711e800 JavaThread "Image Fetcher 3" daemon [_thread_blocked, id=4548, stack(0x0b3c0000,0x0b410000)]
  0x0711e000 JavaThread "Image Fetcher 2" daemon [_thread_blocked, id=3732, stack(0x0b0a0000,0x0b0f0000)]
  0x0711dc00 JavaThread "Image Fetcher 1" daemon [_thread_blocked, id=11836, stack(0x0aa40000,0x0aa90000)]
  0x06f09000 JavaThread "DestroyJavaVM" [_thread_blocked, id=4596, stack(0x02180000,0x021d0000)]
  0x06f17800 JavaThread "TimerQueue" daemon [_thread_blocked, id=8620, stack(0x04750000,0x047a0000)]
  0x06f07000 JavaThread "AWT-EventQueue-0" [_thread_blocked, id=14060, stack(0x076f0000,0x07740000)]
  0x06ea3c00 JavaThread "AWT-Shutdown" [_thread_blocked, id=10920, stack(0x07350000,0x073a0000)]
  0x06ea2c00 JavaThread "Thread-3" [_thread_blocked, id=10796, stack(0x07240000,0x07290000)]
  0x06f04000 JavaThread "Thread-2" [_thread_blocked, id=1416, stack(0x049f0000,0x04a40000)]
  0x04d45800 JavaThread "Keep-Alive-Timer" daemon [_thread_blocked, id=14272, stack(0x071f0000,0x07240000)]
  0x04d60c00 JavaThread "Image Fetcher 0" daemon [_thread_blocked, id=7676, stack(0x06a10000,0x06a60000)]
  0x04d43000 JavaThread "Java2D Disposer" daemon [_thread_blocked, id=13556, stack(0x048d0000,0x04920000)]
  0x02385c00 JavaThread "Service Thread" daemon [_thread_blocked, id=14600, stack(0x04b00000,0x04b50000)]
  0x0236e800 JavaThread "C1 CompilerThread0" daemon [_thread_blocked, id=9824, stack(0x04930000,0x04980000)]
  0x0236d000 JavaThread "Attach Listener" daemon [_thread_blocked, id=3700, stack(0x047f0000,0x04840000)]
  0x0236a000 JavaThread "Signal Dispatcher" daemon [_thread_blocked, id=11624, stack(0x04850000,0x048a0000)]
  0x02357c00 JavaThread "Finalizer" daemon [_thread_blocked, id=14980, stack(0x045d0000,0x04620000)]
  0x02353000 JavaThread "Reference Handler" daemon [_thread_blocked, id=14148, stack(0x04700000,0x04750000)]

Other Threads:
  0x02351c00 VMThread [stack: 0x04630000,0x04680000] [id=14780]
  0x02398800 WatcherThread [stack: 0x04c10000,0x04c60000] [id=14880]

VM state:not at safepoint (normal execution)

VM Mutex/Monitor currently owned by a thread: None

Heap
 def new generation   total 51712K, used 8058K [0x242b0000, 0x27ac0000, 0x29800000)
  eden space 46016K,  17% used [0x242b0000, 0x24a8ea50, 0x26fa0000)
  from space 5696K,   0% used [0x26fa0000, 0x26fa0000, 0x27530000)
  to   space 5696K,   0% used [0x27530000, 0x27530000, 0x27ac0000)
 tenured generation   total 114640K, used 68781K [0x29800000, 0x307f4000, 0x342b0000)
   the space 114640K,  59% used [0x29800000, 0x2db2b700, 0x2db2b800, 0x307f4000)
 compacting perm gen  total 12288K, used 8297K [0x342b0000, 0x34eb0000, 0x382b0000)
   the space 12288K,  67% used [0x342b0000, 0x34aca5a8, 0x34aca600, 0x34eb0000)
    ro space 10240K,  45% used [0x382b0000, 0x38739b28, 0x38739c00, 0x38cb0000)
    rw space 12288K,  54% used [0x38cb0000, 0x3933d0e8, 0x3933d200, 0x398b0000)

Card table byte_map: [0x021d0000,0x02280000] byte_map_base: 0x020aea80

Polling page: 0x00190000

Code Cache  [0x024d0000, 0x02858000, 0x044d0000)
 total_blobs=1794 nmethods=1542 adapters=185 free_code_cache=29178Kb largest_free_block=29878208

Compilation events (10 events):
Event: 5.941 Thread 0x0236e800 1540   !         javax.swing.text.AbstractDocument::insertUpdate (117 bytes)
Event: 5.941 Thread 0x0236e800 nmethod 1540 0x0284f4c8 code [0x0284f6d0, 0x0284fbdc]
Event: 5.941 Thread 0x0236e800 1541             java.util.Arrays::binarySearch0 (72 bytes)
Event: 5.941 Thread 0x0236e800 nmethod 1541 0x02850408 code [0x02850500, 0x028505e0]
Event: 5.941 Thread 0x0236e800 1542             javax.swing.text.ParagraphView::findEdgeSpan (119 bytes)
Event: 5.941 Thread 0x0236e800 nmethod 1542 0x028506c8 code [0x02850820, 0x02850a38]
Event: 5.941 Thread 0x0236e800 1543             javax.swing.text.AbstractDocument$BranchElement::getElementIndex (238 bytes)
Event: 5.942 Thread 0x0236e800 nmethod 1543 0x02850c08 code [0x02850d80, 0x02851128]
Event: 5.942 Thread 0x0236e800 1544             java.net.URLStreamHandler::getDefaultPort (2 bytes)
Event: 5.942 Thread 0x0236e800 nmethod 1544 0x02851688 code [0x02851780, 0x02851800]

GC Heap History (10 events):
Event: 3.462 GC heap before
{Heap before GC invocations=13 (full 2):
 def new generation   total 15232K, used 14950K [0x242b0000, 0x25330000, 0x29800000)
  eden space 13568K, 100% used [0x242b0000, 0x24ff0000, 0x24ff0000)
  from space 1664K,  83% used [0x25190000, 0x252e9a10, 0x25330000)
  to   space 1664K,   0% used [0x24ff0000, 0x24ff0000, 0x25190000)
 tenured generation   total 33732K, used 32408K [0x29800000, 0x2b8f1000, 0x342b0000)
   the space 33732K,  96% used [0x29800000, 0x2b7a6058, 0x2b7a6200, 0x2b8f1000)
 compacting perm gen  total 12288K, used 6434K [0x342b0000, 0x34eb0000, 0x382b0000)
   the space 12288K,  52% used [0x342b0000, 0x348f89f8, 0x348f8a00, 0x34eb0000)
    ro space 10240K,  45% used [0x382b0000, 0x38739b28, 0x38739c00, 0x38cb0000)
    rw space 12288K,  54% used [0x38cb0000, 0x3933d0e8, 0x3933d200, 0x398b0000)
Event: 3.488 GC heap after
Heap after GC invocations=14 (full 3):
 def new generation   total 27520K, used 0K [0x242b0000, 0x26080000, 0x29800000)
  eden space 24512K,   0% used [0x242b0000, 0x242b0000, 0x25aa0000)
  from space 3008K,   0% used [0x25aa0000, 0x25aa0000, 0x25d90000)
  to   space 3008K,   0% used [0x25d90000, 0x25d90000, 0x26080000)
 tenured generation   total 60980K, used 36587K [0x29800000, 0x2d38d000, 0x342b0000)
   the space 60980K,  59% used [0x29800000, 0x2bbbacf0, 0x2bbbae00, 0x2d38d000)
 compacting perm gen  total 12288K, used 6434K [0x342b0000, 0x34eb0000, 0x382b0000)
   the space 12288K,  52% used [0x342b0000, 0x348f89f8, 0x348f8a00, 0x34eb0000)
    ro space 10240K,  45% used [0x382b0000, 0x38739b28, 0x38739c00, 0x38cb0000)
    rw space 12288K,  54% used [0x38cb0000, 0x3933d0e8, 0x3933d200, 0x398b0000)
}
Event: 3.537 GC heap before
{Heap before GC invocations=14 (full 3):
 def new generation   total 27520K, used 24476K [0x242b0000, 0x26080000, 0x29800000)
  eden space 24512K,  99% used [0x242b0000, 0x25a971f0, 0x25aa0000)
  from space 3008K,   0% used [0x25aa0000, 0x25aa0000, 0x25d90000)
  to   space 3008K,   0% used [0x25d90000, 0x25d90000, 0x26080000)
 tenured generation   total 60980K, used 36587K [0x29800000, 0x2d38d000, 0x342b0000)
   the space 60980K,  59% used [0x29800000, 0x2bbbacf0, 0x2bbbae00, 0x2d38d000)
 compacting perm gen  total 12288K, used 6499K [0x342b0000, 0x34eb0000, 0x382b0000)
   the space 12288K,  52% used [0x342b0000, 0x34908d78, 0x34908e00, 0x34eb0000)
    ro space 10240K,  45% used [0x382b0000, 0x38739b28, 0x38739c00, 0x38cb0000)
    rw space 12288K,  54% used [0x38cb0000, 0x3933d0e8, 0x3933d200, 0x398b0000)
Event: 3.540 GC heap after
Heap after GC invocations=15 (full 3):
 def new generation   total 27520K, used 2968K [0x242b0000, 0x26080000, 0x29800000)
  eden space 24512K,   0% used [0x242b0000, 0x242b0000, 0x25aa0000)
  from space 3008K,  98% used [0x25d90000, 0x260762a8, 0x26080000)
  to   space 3008K,   0% used [0x25aa0000, 0x25aa0000, 0x25d90000)
 tenured generation   total 60980K, used 43367K [0x29800000, 0x2d38d000, 0x342b0000)
   the space 60980K,  71% used [0x29800000, 0x2c259f90, 0x2c25a000, 0x2d38d000)
 compacting perm gen  total 12288K, used 6499K [0x342b0000, 0x34eb0000, 0x382b0000)
   the space 12288K,  52% used [0x342b0000, 0x34908d78, 0x34908e00, 0x34eb0000)
    ro space 10240K,  45% used [0x382b0000, 0x38739b28, 0x38739c00, 0x38cb0000)
    rw space 12288K,  54% used [0x38cb0000, 0x3933d0e8, 0x3933d200, 0x398b0000)
}
Event: 3.849 GC heap before
{Heap before GC invocations=15 (full 3):
 def new generation   total 27520K, used 27480K [0x242b0000, 0x26080000, 0x29800000)
  eden space 24512K, 100% used [0x242b0000, 0x25aa0000, 0x25aa0000)
  from space 3008K,  98% used [0x25d90000, 0x260762a8, 0x26080000)
  to   space 3008K,   0% used [0x25aa0000, 0x25aa0000, 0x25d90000)
 tenured generation   total 60980K, used 43367K [0x29800000, 0x2d38d000, 0x342b0000)
   the space 60980K,  71% used [0x29800000, 0x2c259f90, 0x2c25a000, 0x2d38d000)
 compacting perm gen  total 12288K, used 7298K [0x342b0000, 0x34eb0000, 0x382b0000)
   the space 12288K,  59% used [0x342b0000, 0x349d0890, 0x349d0a00, 0x34eb0000)
    ro space 10240K,  45% used [0x382b0000, 0x38739b28, 0x38739c00, 0x38cb0000)
    rw space 12288K,  54% used [0x38cb0000, 0x3933d0e8, 0x3933d200, 0x398b0000)
Event: 3.855 GC heap after
Heap after GC invocations=16 (full 3):
 def new generation   total 27520K, used 3008K [0x242b0000, 0x26080000, 0x29800000)
  eden space 24512K,   0% used [0x242b0000, 0x242b0000, 0x25aa0000)
  from space 3008K, 100% used [0x25aa0000, 0x25d90000, 0x25d90000)
  to   space 3008K,   0% used [0x25d90000, 0x25d90000, 0x26080000)
 tenured generation   total 60980K, used 53606K [0x29800000, 0x2d38d000, 0x342b0000)
   the space 60980K,  87% used [0x29800000, 0x2cc59bf0, 0x2cc59c00, 0x2d38d000)
 compacting perm gen  total 12288K, used 7298K [0x342b0000, 0x34eb0000, 0x382b0000)
   the space 12288K,  59% used [0x342b0000, 0x349d0890, 0x349d0a00, 0x34eb0000)
    ro space 10240K,  45% used [0x382b0000, 0x38739b28, 0x38739c00, 0x38cb0000)
    rw space 12288K,  54% used [0x38cb0000, 0x3933d0e8, 0x3933d200, 0x398b0000)
}
Event: 4.321 GC heap before
{Heap before GC invocations=16 (full 3):
 def new generation   total 27520K, used 27520K [0x242b0000, 0x26080000, 0x29800000)
  eden space 24512K, 100% used [0x242b0000, 0x25aa0000, 0x25aa0000)
  from space 3008K, 100% used [0x25aa0000, 0x25d90000, 0x25d90000)
  to   space 3008K,   0% used [0x25d90000, 0x25d90000, 0x26080000)
 tenured generation   total 60980K, used 53606K [0x29800000, 0x2d38d000, 0x342b0000)
   the space 60980K,  87% used [0x29800000, 0x2cc59bf0, 0x2cc59c00, 0x2d38d000)
 compacting perm gen  total 12288K, used 7849K [0x342b0000, 0x34eb0000, 0x382b0000)
   the space 12288K,  63% used [0x342b0000, 0x34a5a498, 0x34a5a600, 0x34eb0000)
    ro space 10240K,  45% used [0x382b0000, 0x38739b28, 0x38739c00, 0x38cb0000)
    rw space 12288K,  54% used [0x38cb0000, 0x3933d0e8, 0x3933d200, 0x398b0000)
Event: 4.329 GC heap after
Heap after GC invocations=17 (full 3):
 def new generation   total 27520K, used 3008K [0x242b0000, 0x26080000, 0x29800000)
  eden space 24512K,   0% used [0x242b0000, 0x242b0000, 0x25aa0000)
  from space 3008K, 100% used [0x25d90000, 0x26080000, 0x26080000)
  to   space 3008K,   0% used [0x25aa0000, 0x25aa0000, 0x25d90000)
 tenured generation   total 60980K, used 60488K [0x29800000, 0x2d38d000, 0x342b0000)
   the space 60980K,  99% used [0x29800000, 0x2d3121c0, 0x2d312200, 0x2d38d000)
 compacting perm gen  total 12288K, used 7849K [0x342b0000, 0x34eb0000, 0x382b0000)
   the space 12288K,  63% used [0x342b0000, 0x34a5a498, 0x34a5a600, 0x34eb0000)
    ro space 10240K,  45% used [0x382b0000, 0x38739b28, 0x38739c00, 0x38cb0000)
    rw space 12288K,  54% used [0x38cb0000, 0x3933d0e8, 0x3933d200, 0x398b0000)
}
Event: 4.905 GC heap before
{Heap before GC invocations=17 (full 3):
 def new generation   total 27520K, used 27520K [0x242b0000, 0x26080000, 0x29800000)
  eden space 24512K, 100% used [0x242b0000, 0x25aa0000, 0x25aa0000)
  from space 3008K, 100% used [0x25d90000, 0x26080000, 0x26080000)
  to   space 3008K,   0% used [0x25aa0000, 0x25aa0000, 0x25d90000)
 tenured generation   total 60980K, used 60488K [0x29800000, 0x2d38d000, 0x342b0000)
   the space 60980K,  99% used [0x29800000, 0x2d3121c0, 0x2d312200, 0x2d38d000)
 compacting perm gen  total 12288K, used 7869K [0x342b0000, 0x34eb0000, 0x382b0000)
   the space 12288K,  64% used [0x342b0000, 0x34a5f7d0, 0x34a5f800, 0x34eb0000)
    ro space 10240K,  45% used [0x382b0000, 0x38739b28, 0x38739c00, 0x38cb0000)
    rw space 12288K,  54% used [0x38cb0000, 0x3933d0e8, 0x3933d200, 0x398b0000)
Event: 4.949 GC heap after
Heap after GC invocations=18 (full 4):
 def new generation   total 51712K, used 0K [0x242b0000, 0x27ac0000, 0x29800000)
  eden space 46016K,   0% used [0x242b0000, 0x242b0000, 0x26fa0000)
  from space 5696K,   0% used [0x26fa0000, 0x26fa0000, 0x27530000)
  to   space 5696K,   0% used [0x27530000, 0x27530000, 0x27ac0000)
 tenured generation   total 114640K, used 68781K [0x29800000, 0x307f4000, 0x342b0000)
   the space 114640K,  59% used [0x29800000, 0x2db2b700, 0x2db2b800, 0x307f4000)
 compacting perm gen  total 12288K, used 7866K [0x342b0000, 0x34eb0000, 0x382b0000)
   the space 12288K,  64% used [0x342b0000, 0x34a5e908, 0x34a5ea00, 0x34eb0000)
    ro space 10240K,  45% used [0x382b0000, 0x38739b28, 0x38739c00, 0x38cb0000)
    rw space 12288K,  54% used [0x38cb0000, 0x3933d0e8, 0x3933d200, 0x398b0000)
}

Deoptimization events (0 events):
No events

Internal exceptions (10 events):
Event: 4.356 Thread 0x0711d400 Threw 0x248032e0 at C:\jdk7u2_32P\jdk7u25\hotspot\src\share\vm\prims\jvm.cpp:1235
Event: 4.364 Thread 0x0711d400 Threw 0x2492c288 at C:\jdk7u2_32P\jdk7u25\hotspot\src\share\vm\prims\jvm.cpp:1235
Event: 4.877 Thread 0x06f0e800 Threw 0x24552570 at C:\jdk7u2_32P\jdk7u25\hotspot\src\share\vm\prims\jvm.cpp:1235
Event: 4.884 Thread 0x06f0fc00 Threw 0x24e734f8 at C:\jdk7u2_32P\jdk7u25\hotspot\src\share\vm\prims\jvm.cpp:1235
Event: 4.884 Thread 0x06f0fc00 Threw 0x24ee48e0 at C:\jdk7u2_32P\jdk7u25\hotspot\src\share\vm\prims\jvm.cpp:1235
Event: 4.895 Thread 0x06f0fc00 Threw 0x255fe328 at C:\jdk7u2_32P\jdk7u25\hotspot\src\share\vm\prims\jvm.cpp:1235
Event: 5.478 Thread 0x0711f400 Threw 0x247958c8 at C:\jdk7u2_32P\jdk7u25\hotspot\src\share\vm\prims\jvm.cpp:1235
Event: 5.479 Thread 0x0711f400 Threw 0x2479ae58 at C:\jdk7u2_32P\jdk7u25\hotspot\src\share\vm\prims\jvm.cpp:1235
Event: 5.943 Thread 0x06f0fc00 Threw 0x24a7e1d0 at C:\jdk7u2_32P\jdk7u25\hotspot\src\share\vm\prims\jni.cpp:716
Event: 5.943 Thread 0x06f0fc00 Threw 0x24a82cb0 at C:\jdk7u2_32P\jdk7u25\hotspot\src\share\vm\prims\jni.cpp:716

Events (10 events):
Event: 5.878 loading class 0x06de55d0 done
Event: 5.922 Thread 0x04d46000 Thread exited: 0x04d46000
Event: 5.943 loading class 0x39951fa0
Event: 5.943 loading class 0x39951fa0 done
Event: 5.943 loading class 0x398f1bd8
Event: 5.943 loading class 0x398f1bd8 done
Event: 5.943 loading class 0x398f1b98
Event: 5.943 loading class 0x398f1b98 done
Event: 5.943 loading class 0x399b6860
Event: 5.943 loading class 0x399b6860 done


Dynamic libraries:
0x00820000 - 0x0084f000 	C:\Program Files (x86)\Java\jdk1.7.0_25\bin\java.exe
0x77aa0000 - 0x77c20000 	C:\Windows\SysWOW64\ntdll.dll
0x766f0000 - 0x76800000 	C:\Windows\syswow64\kernel32.dll
0x76bb0000 - 0x76bf7000 	C:\Windows\syswow64\KERNELBASE.dll
0x76e30000 - 0x76ed0000 	C:\Windows\syswow64\ADVAPI32.dll
0x771f0000 - 0x7729c000 	C:\Windows\syswow64\msvcrt.dll
0x76d20000 - 0x76d39000 	C:\Windows\SysWOW64\sechost.dll
0x76c30000 - 0x76d20000 	C:\Windows\syswow64\RPCRT4.dll
0x754c0000 - 0x75520000 	C:\Windows\syswow64\SspiCli.dll
0x754b0000 - 0x754bc000 	C:\Windows\syswow64\CRYPTBASE.dll
0x76ed0000 - 0x76fd0000 	C:\Windows\syswow64\USER32.dll
0x76370000 - 0x76400000 	C:\Windows\syswow64\GDI32.dll
0x76ba0000 - 0x76baa000 	C:\Windows\syswow64\LPK.dll
0x77600000 - 0x7769d000 	C:\Windows\syswow64\USP10.dll
0x72de0000 - 0x72f7e000 	C:\Windows\WinSxS\x86_microsoft.windows.common-controls_6595b64144ccf1df_6.0.7601.17514_none_41e6975e2bd6f2b2\COMCTL32.dll
0x76dd0000 - 0x76e27000 	C:\Windows\syswow64\SHLWAPI.dll
0x756c0000 - 0x75720000 	C:\Windows\system32\IMM32.DLL
0x76ad0000 - 0x76b9c000 	C:\Windows\syswow64\MSCTF.dll
0x78060000 - 0x7811e000 	C:\Program Files (x86)\Java\jdk1.7.0_25\jre\bin\msvcr100.dll
0x6e890000 - 0x6ebd2000 	C:\Program Files (x86)\Java\jdk1.7.0_25\jre\bin\client\jvm.dll
0x729b0000 - 0x729b7000 	C:\Windows\system32\WSOCK32.dll
0x75680000 - 0x756b5000 	C:\Windows\syswow64\WS2_32.dll
0x77330000 - 0x77336000 	C:\Windows\syswow64\NSI.dll
0x72940000 - 0x72972000 	C:\Windows\system32\WINMM.dll
0x77a70000 - 0x77a75000 	C:\Windows\syswow64\PSAPI.DLL
0x6da90000 - 0x6da9c000 	C:\Program Files (x86)\Java\jdk1.7.0_25\jre\bin\verify.dll
0x6d020000 - 0x6d040000 	C:\Program Files (x86)\Java\jdk1.7.0_25\jre\bin\java.dll
0x6dd10000 - 0x6dd23000 	C:\Program Files (x86)\Java\jdk1.7.0_25\jre\bin\zip.dll
0x6da60000 - 0x6da74000 	C:\Program Files (x86)\Java\jdk1.7.0_25\jre\bin\net.dll
0x751e0000 - 0x7521c000 	C:\Windows\system32\mswsock.dll
0x71290000 - 0x71296000 	C:\Windows\System32\wship6.dll
0x6da20000 - 0x6da2f000 	C:\Program Files (x86)\Java\jdk1.7.0_25\jre\bin\nio.dll
0x6c4c0000 - 0x6c604000 	C:\Program Files (x86)\Java\jdk1.7.0_25\jre\bin\awt.dll
0x76d40000 - 0x76dcf000 	C:\Windows\syswow64\OLEAUT32.dll
0x75520000 - 0x7567c000 	C:\Windows\syswow64\ole32.dll
0x734c0000 - 0x734d3000 	C:\Windows\system32\DWMAPI.DLL
0x73610000 - 0x73690000 	C:\Windows\system32\uxtheme.dll
0x753e0000 - 0x753e9000 	C:\Windows\system32\VERSION.dll
0x76410000 - 0x765ad000 	C:\Windows\syswow64\SETUPAPI.dll
0x76c00000 - 0x76c27000 	C:\Windows\syswow64\CFGMGR32.dll
0x775e0000 - 0x775f2000 	C:\Windows\syswow64\DEVOBJ.dll
0x657c0000 - 0x658f3000 	C:\Program Files (x86)\NVIDIA Corporation\3D Vision\nvSCPAPI.dll
0x75720000 - 0x7636a000 	C:\Windows\syswow64\SHELL32.dll
0x10000000 - 0x100f1000 	C:\Windows\system32\nvspcap.dll
0x63a00000 - 0x63cb6000 	C:\Windows\system32\nvapi.dll
0x715a0000 - 0x715b0000 	C:\Windows\system32\NLAapi.dll
0x71590000 - 0x715a0000 	C:\Windows\system32\napinsp.dll
0x71570000 - 0x71582000 	C:\Windows\system32\pnrpnsp.dll
0x71870000 - 0x718b4000 	C:\Windows\system32\DNSAPI.dll
0x71540000 - 0x71548000 	C:\Windows\System32\winrnr.dll
0x71510000 - 0x71531000 	C:\Program Files (x86)\Bonjour\mdnsNSP.dll
0x75240000 - 0x7525c000 	C:\Windows\system32\Iphlpapi.DLL
0x75230000 - 0x75237000 	C:\Windows\system32\WINNSI.DLL
0x714e0000 - 0x71507000 	C:\Program Files (x86)\Common Files\Microsoft Shared\Windows Live\WLIDNSP.DLL
0x751d0000 - 0x751d5000 	C:\Windows\System32\wshtcpip.dll
0x71200000 - 0x71206000 	C:\Windows\system32\rasadhlp.dll
0x71230000 - 0x71268000 	C:\Windows\System32\fwpuclnt.dll
0x71a10000 - 0x71a22000 	C:\Windows\system32\dhcpcsvc.DLL
0x6d370000 - 0x6d37d000 	C:\Windows\system32\dhcpcsvc6.DLL
0x71f10000 - 0x71f26000 	C:\Windows\system32\CRYPTSP.dll
0x71ed0000 - 0x71f0b000 	C:\Windows\system32\rsaenh.dll
0x72690000 - 0x726a7000 	C:\Windows\system32\USERENV.dll
0x73690000 - 0x7369b000 	C:\Windows\system32\profapi.dll
0x6d100000 - 0x6d131000 	C:\Program Files (x86)\Java\jdk1.7.0_25\jre\bin\fontmanager.dll
0x6db50000 - 0x6db70000 	C:\Program Files (x86)\Java\jdk1.7.0_25\jre\bin\sunec.dll
0x6e720000 - 0x6e729000 	C:\Program Files (x86)\Java\jdk1.7.0_25\jre\bin\sunmscapi.dll
0x77070000 - 0x77190000 	C:\Windows\syswow64\CRYPT32.dll
0x77060000 - 0x7706c000 	C:\Windows\syswow64\MSASN1.dll
0x6dae0000 - 0x6db10000 	C:\Program Files (x86)\Java\jdk1.7.0_25\jre\bin\t2k.dll
0x77370000 - 0x773f3000 	C:\Windows\syswow64\CLBCatQ.DLL
0x749b0000 - 0x74ae0000 	C:\Windows\system32\WindowsCodecs.dll
0x736d0000 - 0x7371c000 	C:\Windows\system32\apphelp.dll
0x5aba0000 - 0x5abd6000 	C:\Users\Sammy\AppData\Local\Microsoft\SkyDrive\17.0.2015.0811\SkyDriveShell.dll
0x69ed0000 - 0x69f55000 	C:\Users\Sammy\AppData\Local\Microsoft\SkyDrive\17.0.2015.0811\MSVCP110.dll
0x69760000 - 0x69832000 	C:\Users\Sammy\AppData\Local\Microsoft\SkyDrive\17.0.2015.0811\MSVCR110.dll
0x6b080000 - 0x6b107000 	C:\Users\Sammy\AppData\Local\Microsoft\SkyDrive\17.0.2015.0811\Telemetry.dll
0x6b170000 - 0x6b17a000 	C:\Users\Sammy\AppData\Local\Microsoft\SkyDrive\17.0.2015.0811\logging.dll
0x6b110000 - 0x6b162000 	C:\Windows\system32\faultrep.dll
0x6b060000 - 0x6b075000 	C:\Windows\system32\Cabinet.dll
0x71d80000 - 0x71dd8000 	C:\Windows\system32\WINHTTP.dll
0x71d30000 - 0x71d7f000 	C:\Windows\system32\webio.dll
0x6b030000 - 0x6b05f000 	C:\Windows\system32\XmlLite.dll
0x77410000 - 0x775d4000 	C:\Windows\syswow64\WININET.dll
0x772f0000 - 0x772f4000 	C:\Windows\syswow64\api-ms-win-downlevel-user32-l1-1-0.dll
0x76400000 - 0x76404000 	C:\Windows\syswow64\api-ms-win-downlevel-shlwapi-l1-1-0.dll
0x77360000 - 0x77364000 	C:\Windows\syswow64\api-ms-win-downlevel-version-l1-1-0.dll
0x77340000 - 0x77343000 	C:\Windows\syswow64\api-ms-win-downlevel-normaliz-l1-1-0.dll
0x77350000 - 0x77353000 	C:\Windows\syswow64\normaliz.DLL
0x76800000 - 0x76a15000 	C:\Windows\syswow64\iertutil.dll
0x77400000 - 0x77405000 	C:\Windows\syswow64\api-ms-win-downlevel-advapi32-l1-1-0.dll
0x5a840000 - 0x5a9e7000 	C:\PROGRA~2\MICROS~4\Office15\GROOVEEX.DLL
0x6a650000 - 0x6a6b9000 	C:\Windows\system32\MSVCP100.dll
0x5ab10000 - 0x5ab36000 	C:\Windows\system32\ATL100.DLL
0x0a540000 - 0x0a780000 	C:\Windows\system32\msi.dll
0x0f050000 - 0x0f8c5000 	C:\PROGRA~2\MICROS~4\Office15\1033\GrooveIntlResource.dll
0x04ad0000 - 0x04af2000 	C:\Users\Sammy\AppData\Roaming\Dropbox\bin\DropboxExt.19.dll
0x71110000 - 0x711fb000 	C:\Windows\system32\dbghelp.dll
0x5f200000 - 0x5f28e000 	C:\Windows\WinSxS\x86_microsoft.vc90.crt_1fc8b3b9a1e18e3b_9.0.30729.6161_none_50934f2ebcb7eb57\MSVCP90.dll
0x73520000 - 0x735c3000 	C:\Windows\WinSxS\x86_microsoft.vc90.crt_1fc8b3b9a1e18e3b_9.0.30729.6161_none_50934f2ebcb7eb57\MSVCR90.dll
0x5a800000 - 0x5a831000 	C:\Windows\system32\EhStorShell.dll
0x715f0000 - 0x716e5000 	C:\Windows\system32\PROPSYS.dll
0x5ea70000 - 0x5ee76000 	C:\PROGRA~2\MICROS~4\Office14\GROOVEEX.DLL
0x055d0000 - 0x055fb000 	C:\Windows\WinSxS\x86_microsoft.vc90.atl_1fc8b3b9a1e18e3b_9.0.30729.6161_none_51cd0a7abbe4e19b\ATL90.DLL
0x0ba00000 - 0x0be1a000 	C:\PROGRA~2\COMMON~1\MICROS~1\OFFICE14\Cultures\office.odf
0x0be20000 - 0x0c685000 	C:\PROGRA~2\MICROS~4\Office14\1033\GrooveIntlResource.dll
0x70eb0000 - 0x70f34000 	C:\Windows\WinSxS\x86_microsoft.windows.common-controls_6595b64144ccf1df_5.82.7601.18201_none_ec80f00e8593ece5\comctl32.dll
0x75350000 - 0x75371000 	C:\Windows\system32\ntmarta.dll
0x772a0000 - 0x772e5000 	C:\Windows\syswow64\WLDAP32.dll
0x73500000 - 0x7350a000 	C:\Windows\system32\slc.dll
0x70d10000 - 0x70d22000 	C:\Windows\system32\MPR.dll
0x69a70000 - 0x69a78000 	C:\Windows\System32\drprov.dll
0x736a0000 - 0x736c9000 	C:\Windows\System32\WINSTA.dll
0x59060000 - 0x59074000 	C:\Windows\System32\ntlanman.dll
0x68690000 - 0x686a7000 	C:\Windows\System32\davclnt.dll
0x69a20000 - 0x69a28000 	C:\Windows\System32\DAVHLPR.dll
0x712b0000 - 0x712bf000 	C:\Windows\system32\wkscli.dll
0x712a0000 - 0x712ab000 	C:\Windows\system32\cscapi.dll
0x712e0000 - 0x712e9000 	C:\Windows\system32\netutils.dll
0x77300000 - 0x7732e000 	C:\Windows\syswow64\WINTRUST.dll
0x69a90000 - 0x69a99000 	C:\Windows\system32\LINKINFO.dll
0x6d220000 - 0x6d228000 	C:\Windows\system32\Secur32.dll
0x70d00000 - 0x70d0f000 	C:\Windows\system32\samcli.dll
0x74360000 - 0x74372000 	C:\Windows\system32\SAMLIB.dll

VM Arguments:
jvm_args: -Dfile.encoding=UTF-8 
java_command: aurora.V1.core.main
Launcher Type: SUN_STANDARD

Environment Variables:
JAVA_HOME=C:\Program Files (x86)\Java\jdk1.7.0_25
CLASSPATH=.;C:\Program Files (x86)\Java\jre7\lib\ext\QTJava.zip
PATH=C:\Program Files (x86)\NVIDIA Corporation\PhysX\Common;C:\Program Files\Common Files\Microsoft Shared\Windows Live;C:\Program Files (x86)\Common Files\Microsoft Shared\Windows Live;C:\Program Files (x86)\AMD APP\bin\x86_64;C:\Program Files (x86)\AMD APP\bin\x86;C:\Windows\system32;C:\Windows;C:\Windows\System32\Wbem;C:\Windows\System32\WindowsPowerShell\v1.0\;C:\Program Files (x86)\Windows Live\Shared;C:\Program Files (x86)\ATI Technologies\ATI.ACE\Core-Static;C:\Program Files (x86)\Calibre2\;C:\Program Files (x86)\Java\jre7\bin;C:\Users\Sammy\AppData\Local\Smartbar\Application\;C:\Users\Sammy\AppData\Local\Smartbar\Application\;C:\Program Files\Microsoft SQL Server\110\Tools\Binn\;C:\Program Files\Microsoft\Web Platform Installer\;C:\Program Files (x86)\Microsoft ASP.NET\ASP.NET Web Pages\v1.0\;C:\Program Files (x86)\Windows Kits\8.0\Windows Performance Toolkit\;C:\Program Files (x86)\QuickTime\QTSystem\;C:\Program Files\MATLAB\R2013a\runtime\win64;C:\Program Files\MATLAB\R2013a\bin;C:\Program Files (x86)\Java\jdk1.7.0_25\bin;C:\\Program Files\\Java\\jdk1.6.0_29\\bin\\
USERNAME=Sammy
OS=Windows_NT
PROCESSOR_IDENTIFIER=Intel64 Family 6 Model 58 Stepping 9, GenuineIntel



---------------  S Y S T E M  ---------------

OS: Windows 7 , 64 bit Build 7601 Service Pack 1

CPU:total 4 (4 cores per cpu, 1 threads per core) family 6 model 58 stepping 9, cmov, cx8, fxsr, mmx, sse, sse2, sse3, ssse3, sse4.1, sse4.2, popcnt, avx, tsc, tscinvbit, tscinv

Memory: 4k page, physical 12533804k(1994744k free), swap 25065744k(11401808k free)

vm_info: Java HotSpot(TM) Client VM (23.25-b01) for windows-x86 JRE (1.7.0_25-b17), built on Jun 21 2013 13:06:48 by "java_re" with unknown MS VC++:1600

time: Thu Dec 26 22:46:05 2013
elapsed time: 5 seconds

