#
# A fatal error has been detected by the Java Runtime Environment:
#
#  EXCEPTION_ACCESS_VIOLATION (0xc0000005) at pc=0x000000006d19a95d, pid=11176, tid=9536
#
# JRE version: 6.0_29-b11
# Java VM: Java HotSpot(TM) 64-Bit Server VM (20.4-b02 mixed mode windows-amd64 compressed oops)
# Problematic frame:
# C  [awt.dll+0xfa95d]
#
# If you would like to submit a bug report, please visit:
#   http://java.sun.com/webapps/bugreport/crash.jsp
# The crash happened outside the Java Virtual Machine in native code.
# See problematic frame for where to report the bug.
#

---------------  T H R E A D  ---------------

Current thread (0x00000000066c9800):  JavaThread "AWT-Windows" daemon [_thread_in_native, id=9536, stack(0x0000000007220000,0x0000000007320000)]

siginfo: ExceptionCode=0xc0000005, reading address 0x0000000000000000

Registers:
RAX=0x0000000000002000, RBX=0x00000000066df410, RCX=0x0000000000000000, RDX=0x0000000000000102
RSP=0x000000000731f370, RBP=0x0000000000000000, RSI=0x0000000000000006, RDI=0x0000000000000000
R8 =0x0000000000000006, R9 =0x0000000000001000, R10=0x0000000000000000, R11=0x000000006df952c0
R12=0x0000000000000000, R13=0x00000000da23db08, R14=0x000000000731f638, R15=0x00000000066c9800
RIP=0x000000006d19a95d, EFLAGS=0x0000000000010202

Top of Stack: (sp=0x000000000731f370)
0x000000000731f370:   0000000000000000 0000000076fef674
0x000000000731f380:   0000000000000000 000007feff311574
0x000000000731f390:   000007fefe0d50c0 0000000000000000
0x000000000731f3a0:   0000000000000000 0000000000000000
0x000000000731f3b0:   0000000000000000 000000006d9c36d8
0x000000000731f3c0:   0000000000000000 000000006d18e40b
0x000000000731f3d0:   00000000066df150 00000000066c99d0
0x000000000731f3e0:   0000000000000001 0000000000000000
0x000000000731f3f0:   00000000066c99d0 000000006d18e50b
0x000000000731f400:   0000000000000000 000000006d171bcc
0x000000000731f410:   00000000066df150 0000000000000000
0x000000000731f420:   00000000066c99d0 000000006d18e648
0x000000000731f430:   fffff88000000082 00000000066df150
0x000000000731f440:   0000000000000001 0000000000000000
0x000000000731f450:   00000000066df150 000000006d12224e
0x000000000731f460:   0000000000350df0 000000000731f618 

Instructions: (pc=0x000000006d19a95d)
0x000000006d19a93d:   e9 11 01 00 00 48 8b 89 10 a0 00 00 85 d2 b8 00
0x000000006d19a94d:   20 00 00 41 b9 00 10 00 00 44 8b c6 44 0f 44 c8
0x000000006d19a95d:   48 8b 01 41 c1 e0 05 44 89 4c 24 20 4c 8d 4c 24
0x000000006d19a96d:   30 c1 e2 05 ff 50 58 33 ff 85 c0 44 8b d8 0f 88 


Register to memory mapping:

RAX=0x0000000000002000 is an unknown value
RBX=0x00000000066df410 is an unknown value
RCX=0x0000000000000000 is an unknown value
RDX=0x0000000000000102 is an unknown value
RSP=0x000000000731f370 is pointing into the stack for thread: 0x00000000066c9800
RBP=0x0000000000000000 is an unknown value
RSI=0x0000000000000006 is an unknown value
RDI=0x0000000000000000 is an unknown value
R8 =0x0000000000000006 is an unknown value
R9 =0x0000000000001000 is an unknown value
R10=0x0000000000000000 is an unknown value
R11=0x000000006df952c0 is an unknown value
R12=0x0000000000000000 is an unknown value
R13=0x00000000da23db08 is an oop
{constMethod} 
 - klass: {other class}
 - method:       0x00000000da23db68 {method} 'isDynamicLayoutActive' '()Z' in 'sun/awt/windows/WToolkit'
 - exceptions:   0x00000000d9e01ef8
R14=0x000000000731f638 is pointing into the stack for thread: 0x00000000066c9800
R15=0x00000000066c9800 is a thread


Stack: [0x0000000007220000,0x0000000007320000],  sp=0x000000000731f370,  free space=1020k
Native frames: (J=compiled Java code, j=interpreted, Vv=VM code, C=native code)
C  [awt.dll+0xfa95d]  D3DVertexCacher::Render+0x5d

[error occurred during error reporting (printing native stack), id 0xc0000005]

Java frames: (J=compiled Java code, j=interpreted, Vv=VM code)
j  sun.awt.windows.WToolkit.eventLoop()V+0
j  sun.awt.windows.WToolkit.run()V+52
j  java.lang.Thread.run()V+11
v  ~StubRoutines::call_stub

---------------  P R O C E S S  ---------------

Java Threads: ( => current thread )
  0x000000000aaa8800 JavaThread "Thread-1" daemon [_thread_in_native, id=4072, stack(0x000000000dc30000,0x000000000dd30000)]
  0x000000000b425000 JavaThread "Image Fetcher 0" daemon [_thread_blocked, id=10344, stack(0x00000000097d0000,0x00000000098d0000)]
  0x000000000b42e800 JavaThread "Thread-889" [_thread_blocked, id=3832, stack(0x000000000d530000,0x000000000d630000)]
  0x000000000b42d800 JavaThread "AWT-EventQueue-0" [_thread_blocked, id=9508, stack(0x00000000098d0000,0x00000000099d0000)]
  0x000000000a159000 JavaThread "Thread-796" [_thread_blocked, id=10728, stack(0x000000000d320000,0x000000000d420000)]
  0x000000000a158800 JavaThread "Thread-794" [_thread_blocked, id=7328, stack(0x000000000d220000,0x000000000d320000)]
  0x000000000b6e5000 JavaThread "Thread-792" [_thread_blocked, id=9400, stack(0x000000000d020000,0x000000000d120000)]
  0x000000000b427000 JavaThread "Thread-790" [_thread_blocked, id=10472, stack(0x00000000099d0000,0x0000000009ad0000)]
  0x000000000b6e6800 JavaThread "Thread-788" [_thread_blocked, id=7724, stack(0x000000000d120000,0x000000000d220000)]
  0x000000000b6e6000 JavaThread "Thread-786" [_thread_blocked, id=12528, stack(0x000000000cf20000,0x000000000d020000)]
  0x000000000b42c800 JavaThread "Thread-784" [_thread_blocked, id=12996, stack(0x000000000ce20000,0x000000000cf20000)]
  0x000000000b433000 JavaThread "Thread-782" [_thread_blocked, id=12484, stack(0x000000000cd20000,0x000000000ce20000)]
  0x000000000b434000 JavaThread "Thread-780" [_thread_blocked, id=2732, stack(0x000000000cb20000,0x000000000cc20000)]
  0x000000000b433800 JavaThread "Thread-778" [_thread_blocked, id=8940, stack(0x0000000009ad0000,0x0000000009bd0000)]
  0x000000000b430800 JavaThread "Thread-770" [_thread_blocked, id=11460, stack(0x000000000cc20000,0x000000000cd20000)]
  0x000000000b42f000 JavaThread "Thread-533" [_thread_blocked, id=12792, stack(0x000000000a190000,0x000000000a290000)]
  0x000000000b432000 JavaThread "Thread-517" [_thread_blocked, id=9204, stack(0x0000000009bd0000,0x0000000009cd0000)]
  0x000000000b6e4800 JavaThread "TimerQueue" daemon [_thread_blocked, id=10396, stack(0x0000000011a60000,0x0000000011b60000)]
  0x000000000b42b000 JavaThread "Thread-47" [_thread_blocked, id=11268, stack(0x00000000101d0000,0x00000000102d0000)]
  0x000000000b6e3000 JavaThread "Thread-45" [_thread_blocked, id=7880, stack(0x0000000012150000,0x0000000012250000)]
  0x000000000b6e2000 JavaThread "Thread-43" [_thread_blocked, id=12816, stack(0x0000000012050000,0x0000000012150000)]
  0x000000000b6e1800 JavaThread "Thread-42" [_thread_blocked, id=13176, stack(0x0000000011f50000,0x0000000012050000)]
  0x000000000b6e1000 JavaThread "Thread-41" [_thread_blocked, id=8800, stack(0x0000000011e50000,0x0000000011f50000)]
  0x000000000b6e0000 JavaThread "Thread-40" [_thread_blocked, id=12680, stack(0x0000000011d50000,0x0000000011e50000)]
  0x000000000b6df800 JavaThread "Thread-39" [_thread_blocked, id=2540, stack(0x0000000011c50000,0x0000000011d50000)]
  0x000000000b429800 JavaThread "Thread-38" [_thread_blocked, id=9388, stack(0x000000000ffd0000,0x00000000100d0000)]
  0x000000000b431800 JavaThread "Thread-33" [_thread_blocked, id=1824, stack(0x0000000011750000,0x0000000011850000)]
  0x000000000b430000 JavaThread "Thread-31" [_thread_blocked, id=12684, stack(0x0000000011550000,0x0000000011650000)]
  0x000000000b42d000 JavaThread "Thread-27" [_thread_blocked, id=8436, stack(0x0000000010850000,0x0000000010950000)]
  0x000000000b42b800 JavaThread "Thread-25" [_thread_blocked, id=1176, stack(0x0000000010510000,0x0000000010610000)]
  0x000000000b42a000 JavaThread "Thread-23" [_thread_blocked, id=9416, stack(0x00000000100d0000,0x00000000101d0000)]
  0x000000000b428800 JavaThread "Thread-21" [_thread_blocked, id=3564, stack(0x000000000f890000,0x000000000f990000)]
  0x000000000b428000 JavaThread "Thread-18" [_thread_blocked, id=9692, stack(0x000000000d630000,0x000000000d730000)]
  0x000000000b426800 JavaThread "Thread-16" [_thread_blocked, id=6484, stack(0x000000000c420000,0x000000000c520000)]
  0x000000000b426000 JavaThread "DestroyJavaVM" [_thread_blocked, id=12928, stack(0x00000000026e0000,0x00000000027e0000)]
  0x000000000aca1800 JavaThread "Time Checker Thread" [_thread_blocked, id=10884, stack(0x000000000c220000,0x000000000c320000)]
  0x0000000009faa000 JavaThread "Time Checker Thread" [_thread_blocked, id=12276, stack(0x000000000c120000,0x000000000c220000)]
  0x0000000009df7000 JavaThread "Thread-3" [_thread_blocked, id=4512, stack(0x000000000b050000,0x000000000b150000)]
=>0x00000000066c9800 JavaThread "AWT-Windows" daemon [_thread_in_native, id=9536, stack(0x0000000007220000,0x0000000007320000)]
  0x00000000066c9000 JavaThread "AWT-Shutdown" [_thread_blocked, id=8616, stack(0x0000000007120000,0x0000000007220000)]
  0x00000000066c5800 JavaThread "Java2D Disposer" daemon [_thread_blocked, id=9592, stack(0x0000000007020000,0x0000000007120000)]
  0x00000000065d2000 JavaThread "Low Memory Detector" daemon [_thread_blocked, id=11804, stack(0x0000000006b70000,0x0000000006c70000)]
  0x00000000065cd000 JavaThread "C2 CompilerThread1" daemon [_thread_blocked, id=13016, stack(0x0000000006a70000,0x0000000006b70000)]
  0x00000000065c7800 JavaThread "C2 CompilerThread0" daemon [_thread_blocked, id=12496, stack(0x0000000006970000,0x0000000006a70000)]
  0x00000000065c4000 JavaThread "Attach Listener" daemon [_thread_blocked, id=10988, stack(0x0000000006870000,0x0000000006970000)]
  0x00000000065bf000 JavaThread "Signal Dispatcher" daemon [_thread_blocked, id=11936, stack(0x0000000006770000,0x0000000006870000)]
  0x000000000070c000 JavaThread "Finalizer" daemon [_thread_blocked, id=5164, stack(0x0000000006470000,0x0000000006570000)]
  0x0000000000705000 JavaThread "Reference Handler" daemon [_thread_blocked, id=8280, stack(0x0000000006370000,0x0000000006470000)]

Other Threads:
  0x00000000006fe800 VMThread [stack: 0x0000000006270000,0x0000000006370000] [id=12972]
  0x00000000065e5000 WatcherThread [stack: 0x0000000006c70000,0x0000000006d70000] [id=6492]

VM state:not at safepoint (normal execution)

VM Mutex/Monitor currently owned by a thread: None

Heap
 PSYoungGen      total 40320K, used 36148K [0x00000000f5000000, 0x00000000f7c00000, 0x0000000100000000)
  eden space 40192K, 89% used [0x00000000f5000000,0x00000000f734d0d8,0x00000000f7740000)
  from space 128K, 0% used [0x00000000f7740000,0x00000000f7740000,0x00000000f7760000)
  to   space 2624K, 0% used [0x00000000f7970000,0x00000000f7970000,0x00000000f7c00000)
 PSOldGen        total 360448K, used 358803K [0x00000000df000000, 0x00000000f5000000, 0x00000000f5000000)
  object space 360448K, 99% used [0x00000000df000000,0x00000000f4e64c10,0x00000000f5000000)
 PSPermGen       total 21696K, used 21401K [0x00000000d9e00000, 0x00000000db330000, 0x00000000df000000)
  object space 21696K, 98% used [0x00000000d9e00000,0x00000000db2e66f0,0x00000000db330000)

Code Cache  [0x00000000027e0000, 0x0000000002ae0000, 0x00000000057e0000)
 total_blobs=1388 nmethods=928 adapters=411 free_code_cache=47258496 largest_free_block=5632

Dynamic libraries:
0x0000000000400000 - 0x000000000042e000 	C:\Program Files\Java\jdk1.6.0_29\bin\java.exe
0x00000000770e0000 - 0x0000000077289000 	C:\Windows\SYSTEM32\ntdll.dll
0x0000000076ec0000 - 0x0000000076fdf000 	C:\Windows\system32\kernel32.dll
0x000007fefd6b0000 - 0x000007fefd71c000 	C:\Windows\system32\KERNELBASE.dll
0x000007fefefb0000 - 0x000007feff08b000 	C:\Windows\system32\ADVAPI32.dll
0x000007feff1f0000 - 0x000007feff28f000 	C:\Windows\system32\msvcrt.dll
0x000007fefe180000 - 0x000007fefe19f000 	C:\Windows\SYSTEM32\sechost.dll
0x000007fefd910000 - 0x000007fefda3d000 	C:\Windows\system32\RPCRT4.dll
0x000007fefd3d0000 - 0x000007fefd427000 	C:\Windows\system32\apphelp.dll
0x000007fee7ab0000 - 0x000007fee7b01000 	C:\Windows\AppPatch\AppPatch64\AcGenral.DLL
0x000007fefd3a0000 - 0x000007fefd3c5000 	C:\Windows\system32\SspiCli.dll
0x000007feff290000 - 0x000007feff301000 	C:\Windows\system32\SHLWAPI.dll
0x000007fefdc50000 - 0x000007fefdcb7000 	C:\Windows\system32\GDI32.dll
0x0000000076fe0000 - 0x00000000770da000 	C:\Windows\system32\USER32.dll
0x000007feff340000 - 0x000007feff34e000 	C:\Windows\system32\LPK.dll
0x000007fefdcc0000 - 0x000007fefdd89000 	C:\Windows\system32\USP10.dll
0x000007fefdf70000 - 0x000007fefe173000 	C:\Windows\system32\ole32.dll
0x000007fefe220000 - 0x000007fefefa8000 	C:\Windows\system32\SHELL32.dll
0x0000000070000000 - 0x0000000070003000 	C:\Windows\system32\sfc.dll
0x000007fef77a0000 - 0x000007fef77b0000 	C:\Windows\system32\sfc_os.DLL
0x000007fefc890000 - 0x000007fefc8ae000 	C:\Windows\system32\USERENV.dll
0x000007fefd540000 - 0x000007fefd54f000 	C:\Windows\system32\profapi.dll
0x000007fefb8a0000 - 0x000007fefb8b8000 	C:\Windows\system32\dwmapi.dll
0x000007fef8b10000 - 0x000007fef8b28000 	C:\Windows\system32\MPR.dll
0x000007feff310000 - 0x000007feff33e000 	C:\Windows\system32\IMM32.DLL
0x000007fefdb40000 - 0x000007fefdc49000 	C:\Windows\system32\MSCTF.dll
0x000000006d890000 - 0x000000006e048000 	C:\Program Files\Java\jdk1.6.0_29\jre\bin\server\jvm.dll
0x000007fefaad0000 - 0x000007fefab0b000 	C:\Windows\system32\WINMM.dll
0x000000006d800000 - 0x000000006d80e000 	C:\Program Files\Java\jdk1.6.0_29\jre\bin\verify.dll
0x000000006d450000 - 0x000000006d477000 	C:\Program Files\Java\jdk1.6.0_29\jre\bin\java.dll
0x000000006d850000 - 0x000000006d862000 	C:\Program Files\Java\jdk1.6.0_29\jre\bin\zip.dll
0x000000006d0a0000 - 0x000000006d263000 	C:\Program Files\Java\jdk1.6.0_29\jre\bin\awt.dll
0x000007fef9850000 - 0x000007fef98c1000 	C:\Windows\system32\WINSPOOL.DRV
0x000007fefbee0000 - 0x000007fefc0d4000 	C:\Windows\WinSxS\amd64_microsoft.windows.common-controls_6595b64144ccf1df_6.0.7601.17514_none_fa396087175ac9ac\COMCTL32.dll
0x000007fefbcd0000 - 0x000007fefbd26000 	C:\Windows\system32\uxtheme.dll
0x000000006d340000 - 0x000000006d3a6000 	C:\Program Files\Java\jdk1.6.0_29\jre\bin\fontmanager.dll
0x000007fefd430000 - 0x000007fefd43f000 	C:\Windows\system32\CRYPTBASE.dll
0x000007fee4b00000 - 0x000007fee4cff000 	C:\Windows\system32\d3d9.dll
0x000007fefc630000 - 0x000007fefc63c000 	C:\Windows\system32\VERSION.dll
0x000007fefb260000 - 0x000007fefb267000 	C:\Windows\system32\d3d8thk.dll
0x000007fee0ea0000 - 0x000007fee2020000 	C:\Windows\system32\nvd3dumx.dll
0x00000000772a0000 - 0x00000000772a7000 	C:\Windows\system32\PSAPI.DLL
0x000007fefb7f0000 - 0x000007fefb81c000 	C:\Windows\system32\powrprof.dll
0x000007fefdd90000 - 0x000007fefdf67000 	C:\Windows\system32\SETUPAPI.dll
0x000007fefd720000 - 0x000007fefd756000 	C:\Windows\system32\CFGMGR32.dll
0x000007feff100000 - 0x000007feff1d7000 	C:\Windows\system32\OLEAUT32.dll
0x000007fefd690000 - 0x000007fefd6aa000 	C:\Windows\system32\DEVOBJ.dll
0x0000000180000000 - 0x0000000180116000 	C:\Program Files (x86)\NVIDIA Corporation\3D Vision\nvSCPAPI64.dll
0x000007fef87f0000 - 0x000007fef8897000 	C:\Windows\system32\dxgi.dll
0x000007fef9970000 - 0x000007fef9c32000 	C:\Windows\system32\nvapi64.dll
0x000007fefd8d0000 - 0x000007fefd909000 	C:\Windows\system32\WINTRUST.dll
0x000007fefd760000 - 0x000007fefd8ca000 	C:\Windows\system32\CRYPT32.dll
0x000007fefd5e0000 - 0x000007fefd5ef000 	C:\Windows\system32\MSASN1.dll
0x000007fefce90000 - 0x000007fefcea7000 	C:\Windows\system32\CRYPTSP.dll
0x000007fefcb10000 - 0x000007fefcb57000 	C:\Windows\system32\rsaenh.dll
0x000000006d6a0000 - 0x000000006d6b7000 	C:\Program Files\Java\jdk1.6.0_29\jre\bin\net.dll
0x000007feff0b0000 - 0x000007feff0fd000 	C:\Windows\system32\WS2_32.dll
0x000007feff1e0000 - 0x000007feff1e8000 	C:\Windows\system32\NSI.dll
0x000007fefce00000 - 0x000007fefce55000 	C:\Windows\system32\mswsock.dll
0x000007fefcd30000 - 0x000007fefcd37000 	C:\Windows\System32\wship6.dll
0x000007fefacb0000 - 0x000007fefacc5000 	C:\Windows\system32\NLAapi.dll
0x000007fef8c70000 - 0x000007fef8c85000 	C:\Windows\system32\napinsp.dll
0x000007fef8210000 - 0x000007fef8229000 	C:\Windows\system32\pnrpnsp.dll
0x000007fefcbc0000 - 0x000007fefcc1b000 	C:\Windows\system32\DNSAPI.dll
0x000007fef8200000 - 0x000007fef820b000 	C:\Windows\System32\winrnr.dll
0x0000000072120000 - 0x0000000072146000 	C:\Program Files\Bonjour\mdnsNSP.dll
0x000007fefa870000 - 0x000007fefa897000 	C:\Windows\system32\Iphlpapi.DLL
0x000007fefa810000 - 0x000007fefa81b000 	C:\Windows\system32\WINNSI.DLL
0x000007fef8c40000 - 0x000007fef8c6f000 	C:\Program Files\Common Files\Microsoft Shared\Windows Live\WLIDNSP.DLL
0x000007fefc700000 - 0x000007fefc707000 	C:\Windows\System32\wshtcpip.dll
0x000007fef8ca0000 - 0x000007fef8ca8000 	C:\Windows\system32\rasadhlp.dll
0x000007fefa6a0000 - 0x000007fefa6f3000 	C:\Windows\System32\fwpuclnt.dll
0x000000006d6c0000 - 0x000000006d6cb000 	C:\Program Files\Java\jdk1.6.0_29\jre\bin\nio.dll
0x000007fefda40000 - 0x000007fefdad9000 	C:\Windows\system32\CLBCatQ.DLL
0x000007fefbd30000 - 0x000007fefbe5c000 	C:\Windows\system32\propsys.dll
0x000007fefbe80000 - 0x000007fefbead000 	C:\Windows\system32\ntmarta.dll
0x000007fefdae0000 - 0x000007fefdb32000 	C:\Windows\system32\WLDAP32.dll
0x000007fedcc50000 - 0x000007fedcdec000 	C:\Windows\system32\NetworkExplorer.dll
0x000007fef8010000 - 0x000007fef8044000 	C:\Windows\System32\shdocvw.dll
0x000007fefadd0000 - 0x000007fefaddb000 	C:\Windows\system32\slc.dll
0x000007fee8a30000 - 0x000007fee8a3a000 	C:\Windows\System32\drprov.dll
0x000007fefd4e0000 - 0x000007fefd51d000 	C:\Windows\System32\WINSTA.dll
0x000007fee8770000 - 0x000007fee8792000 	C:\Windows\System32\ntlanman.dll
0x000007fee86c0000 - 0x000007fee86dc000 	C:\Windows\System32\davclnt.dll
0x000007fee87b0000 - 0x000007fee87ba000 	C:\Windows\System32\DAVHLPR.dll
0x000007fefae20000 - 0x000007fefae35000 	C:\Windows\system32\wkscli.dll
0x000007fef7880000 - 0x000007fef788f000 	C:\Windows\system32\cscapi.dll
0x000007fefae40000 - 0x000007fefae4c000 	C:\Windows\system32\netutils.dll
0x000007fef1170000 - 0x000007fef122d000 	C:\Windows\system32\PortableDeviceApi.dll
0x000007fef1300000 - 0x000007fef1339000 	C:\Windows\system32\PortableDeviceTypes.dll
0x000007fee78d0000 - 0x000007fee78f7000 	C:\Windows\system32\EhStorAPI.dll
0x000007fef7f70000 - 0x000007fef7f7c000 	C:\Windows\system32\LINKINFO.dll
0x000007fefb300000 - 0x000007fefb425000 	C:\Windows\system32\dbghelp.dll

VM Arguments:
jvm_args: -Dfile.encoding=UTF-8 -Xms132m -Xmx528m 
java_command: aurora.V1.core.main
Launcher Type: SUN_STANDARD

Environment Variables:
CLASSPATH=C:\Program Files\Java\jdk1.6.0_24\bin
PATH=C:\Program Files\Common Files\Microsoft Shared\Windows Live;C:\Program Files (x86)\Common Files\Microsoft Shared\Windows Live;C:\Program Files (x86)\NVIDIA Corporation\PhysX\Common;C:\Program Files (x86)\AMD APP\bin\x86_64;C:\Program Files (x86)\AMD APP\bin\x86;C:\Windows\system32;C:\Windows;C:\Windows\System32\Wbem;C:\Windows\System32\WindowsPowerShell\v1.0\;C:\Program Files (x86)\Windows Live\Shared;C:\Program Files (x86)\ATI Technologies\ATI.ACE\Core-Static;C:\Program Files (x86)\Calibre2\;C:\Program Files (x86)\Java\jre7\bin;C:\Program Files (x86)\sbt\;C:\Users\Sammy\AppData\Local\Smartbar\Application\;C:\Users\Sammy\AppData\Local\Smartbar\Application\;C:\Program Files (x86)\QuickTime\QTSystem\;C:\\Program Files\\Java\\jdk1.6.0_29\\bin\\
USERNAME=Sammy
OS=Windows_NT
PROCESSOR_IDENTIFIER=Intel64 Family 6 Model 58 Stepping 9, GenuineIntel



---------------  S Y S T E M  ---------------

OS: Windows 7 , 64 bit Build 7601 Service Pack 1

CPU:total 4 (4 cores per cpu, 1 threads per core) family 6 model 58 stepping 9, cmov, cx8, fxsr, mmx, sse, sse2, sse3, ssse3, sse4.1, sse4.2, popcnt

Memory: 4k page, physical 8339500k(2013608k free), swap 16677148k(5948688k free)

vm_info: Java HotSpot(TM) 64-Bit Server VM (20.4-b02) for windows-amd64 JRE (1.6.0_29-b11), built on Oct  3 2011 01:06:42 by "java_re" with MS VC++ 8.0 (VS2005)

time: Sat Nov 24 15:20:21 2012
elapsed time: 144344 seconds

